actionid: docs
msg: envreport
cmdargs: ['/Users/mhenkel/contrail-tripleo-docu/.tox/docs/bin/pip', 'freeze']

appdirs==1.4.3
asn1crypto==0.24.0
Babel==2.6.0
bashate==0.6.0
certifi==2018.4.16
cffi==1.11.5
chardet==3.0.4
cliff==2.13.0
cmd2==0.8.8
contextlib2==0.5.5
cryptography==2.3
debtcollector==1.20.0
decorator==4.3.0
deprecation==2.0.5
discover==0.4.0
docutils==0.14
dogpile.cache==0.6.7
enum34==1.1.6
extras==1.0.0
fixtures==3.0.0
flake8==2.2.4
funcsigs==1.0.2
future==0.16.0
futures==3.2.0
hacking==0.10.3
idna==2.7
ipaddress==1.0.22
iso8601==0.1.12
Jinja2==2.10
jmespath==0.9.3
jsonpatch==1.23
jsonpointer==2.0
keystoneauth1==3.10.0
linecache2==1.0.0
MarkupSafe==1.0
mccabe==0.2.1
mock==2.0.0
monotonic==1.5
mox3==0.26.0
msgpack==0.5.6
munch==2.3.2
netaddr==0.7.19
netifaces==0.10.7
openstacksdk==0.17.1
os-client-config==1.31.2
os-service-types==1.2.0
oslo.config==6.4.0
oslo.i18n==3.21.0
oslo.serialization==2.27.0
oslo.utils==3.36.4
oslosphinx==4.18.0
oslotest==3.6.0
packaging==17.1
pbr==4.2.0
pep8==1.5.7
prettytable==0.7.2
pycparser==2.18
pyflakes==0.8.1
Pygments==2.2.0
pyparsing==2.2.0
pyperclip==1.6.4
python-mimeparse==1.6.0
python-novaclient==11.0.0
python-subunit==1.3.0
pytz==2018.5
PyYAML==3.13
requests==2.19.1
requestsexceptions==1.4.0
rfc3986==1.1.0
simplejson==3.16.0
six==1.11.0
Sphinx==1.2.3
sphinx-rtd-theme==0.1.7
stestr==2.1.0
stevedore==1.29.0
subprocess32==3.5.2
testrepository==0.0.20
testscenarios==0.5.0
testtools==2.3.0
traceback2==1.4.0
-e git+https://github.com/michaelhenkel/contrail-tripleo-docu.git@be98e39a1d8c825724cb4b6b0e60eef53ea82de9#egg=tripleo_docs
unicodecsv==0.14.1
unittest2==1.1.0
urllib3==1.23
voluptuous==0.11.5
wcwidth==0.1.7
wrapt==1.10.11
